[0.750s] [34mcolcon[0m [1;30mDEBUG[0m [32mCommand line arguments: ['/home/matheus/.local/bin/colcon', 'build'][0m
[0.750s] [34mcolcon[0m [1;30mDEBUG[0m [32mParsed command line arguments: Namespace(log_base=None, log_level=None, verb_name='build', build_base='build', install_base='install', merge_install=False, symlink_install=False, test_result_base=None, continue_on_error=False, executor='parallel', parallel_workers=12, event_handlers=None, ignore_user_meta=False, metas=['./colcon.meta'], base_paths=['.'], packages_ignore=None, packages_ignore_regex=None, paths=None, packages_up_to=None, packages_up_to_regex=None, packages_above=None, packages_above_and_dependencies=None, packages_above_depth=None, packages_select_by_dep=None, packages_skip_by_dep=None, packages_skip_up_to=None, packages_select_build_failed=False, packages_skip_build_finished=False, packages_select_test_failures=False, packages_skip_test_passed=False, packages_select=None, packages_skip=None, packages_select_regex=None, packages_skip_regex=None, packages_start=None, packages_end=None, cmake_args=None, cmake_target=None, cmake_target_skip_unavailable=False, cmake_clean_cache=False, cmake_clean_first=False, cmake_force_configure=False, ament_cmake_args=None, catkin_cmake_args=None, catkin_skip_building_tests=False, verb_parser=<colcon_defaults.argument_parser.defaults.DefaultArgumentsDecorator object at 0x75038efdcb80>, verb_extension=<colcon_core.verb.build.BuildVerb object at 0x75038efdc5b0>, main=<bound method BuildVerb.main of <colcon_core.verb.build.BuildVerb object at 0x75038efdc5b0>>)[0m
[0.784s] [34mcolcon.colcon_core.package_discovery[0m [1;30mLevel 1[0m discover_packages(colcon_meta) check parameters
[0.784s] [34mcolcon.colcon_core.package_discovery[0m [1;30mLevel 1[0m discover_packages(recursive) check parameters
[0.784s] [34mcolcon.colcon_core.package_discovery[0m [1;30mLevel 1[0m discover_packages(ignore) check parameters
[0.784s] [34mcolcon.colcon_core.package_discovery[0m [1;30mLevel 1[0m discover_packages(path) check parameters
[0.784s] [34mcolcon.colcon_core.package_discovery[0m [1;30mLevel 1[0m discover_packages(colcon_meta) discover
[0.784s] [34mcolcon.colcon_core.package_discovery[0m [1;30mLevel 1[0m discover_packages(recursive) discover
[0.784s] [34mcolcon.colcon_core.package_discovery[0m [1;30mINFO[0m Crawling recursively for packages in '/home/matheus/repos/queue_system_ros2'
[0.784s] [34mcolcon.colcon_core.package_identification[0m [1;30mLevel 1[0m _identify(.) by extensions ['ignore', 'ignore_ament_install']
[0.784s] [34mcolcon.colcon_core.package_identification[0m [1;30mLevel 1[0m _identify(.) by extension 'ignore'
[0.785s] [34mcolcon.colcon_core.package_identification[0m [1;30mLevel 1[0m _identify(.) by extension 'ignore_ament_install'
[0.785s] [34mcolcon.colcon_core.package_identification[0m [1;30mLevel 1[0m _identify(.) by extensions ['colcon_pkg']
[0.785s] [34mcolcon.colcon_core.package_identification[0m [1;30mLevel 1[0m _identify(.) by extension 'colcon_pkg'
[0.785s] [34mcolcon.colcon_core.package_identification[0m [1;30mLevel 1[0m _identify(.) by extensions ['colcon_meta']
[0.785s] [34mcolcon.colcon_core.package_identification[0m [1;30mLevel 1[0m _identify(.) by extension 'colcon_meta'
[0.785s] [34mcolcon.colcon_core.package_identification[0m [1;30mLevel 1[0m _identify(.) by extensions ['ros']
[0.785s] [34mcolcon.colcon_core.package_identification[0m [1;30mLevel 1[0m _identify(.) by extension 'ros'
[0.792s] [34mcolcon.colcon_core.package_identification[0m [1;30mLevel 1[0m _identify(.) by extensions ['cmake', 'python']
[0.792s] [34mcolcon.colcon_core.package_identification[0m [1;30mLevel 1[0m _identify(.) by extension 'cmake'
[0.792s] [34mcolcon.colcon_core.package_identification[0m [1;30mLevel 1[0m _identify(.) by extension 'python'
[0.792s] [34mcolcon.colcon_core.package_identification[0m [1;30mLevel 1[0m _identify(.) by extensions ['python_setup_py']
[0.792s] [34mcolcon.colcon_core.package_identification[0m [1;30mLevel 1[0m _identify(.) by extension 'python_setup_py'
[0.792s] [34mcolcon.colcon_core.package_identification[0m [1;30mLevel 1[0m _identify(build) by extensions ['ignore', 'ignore_ament_install']
[0.792s] [34mcolcon.colcon_core.package_identification[0m [1;30mLevel 1[0m _identify(build) by extension 'ignore'
[0.792s] [34mcolcon.colcon_core.package_identification[0m [1;30mLevel 1[0m _identify(build) ignored
[0.792s] [34mcolcon.colcon_core.package_identification[0m [1;30mLevel 1[0m _identify(install) by extensions ['ignore', 'ignore_ament_install']
[0.792s] [34mcolcon.colcon_core.package_identification[0m [1;30mLevel 1[0m _identify(install) by extension 'ignore'
[0.792s] [34mcolcon.colcon_core.package_identification[0m [1;30mLevel 1[0m _identify(install) ignored
[0.792s] [34mcolcon.colcon_core.package_identification[0m [1;30mLevel 1[0m _identify(log) by extensions ['ignore', 'ignore_ament_install']
[0.792s] [34mcolcon.colcon_core.package_identification[0m [1;30mLevel 1[0m _identify(log) by extension 'ignore'
[0.792s] [34mcolcon.colcon_core.package_identification[0m [1;30mLevel 1[0m _identify(log) ignored
[0.792s] [34mcolcon.colcon_core.package_identification[0m [1;30mLevel 1[0m _identify(src) by extensions ['ignore', 'ignore_ament_install']
[0.793s] [34mcolcon.colcon_core.package_identification[0m [1;30mLevel 1[0m _identify(src) by extension 'ignore'
[0.793s] [34mcolcon.colcon_core.package_identification[0m [1;30mLevel 1[0m _identify(src) by extension 'ignore_ament_install'
[0.793s] [34mcolcon.colcon_core.package_identification[0m [1;30mLevel 1[0m _identify(src) by extensions ['colcon_pkg']
[0.793s] [34mcolcon.colcon_core.package_identification[0m [1;30mLevel 1[0m _identify(src) by extension 'colcon_pkg'
[0.793s] [34mcolcon.colcon_core.package_identification[0m [1;30mLevel 1[0m _identify(src) by extensions ['colcon_meta']
[0.793s] [34mcolcon.colcon_core.package_identification[0m [1;30mLevel 1[0m _identify(src) by extension 'colcon_meta'
[0.793s] [34mcolcon.colcon_core.package_identification[0m [1;30mLevel 1[0m _identify(src) by extensions ['ros']
[0.793s] [34mcolcon.colcon_core.package_identification[0m [1;30mLevel 1[0m _identify(src) by extension 'ros'
[0.793s] [34mcolcon.colcon_core.package_identification[0m [1;30mLevel 1[0m _identify(src) by extensions ['cmake', 'python']
[0.793s] [34mcolcon.colcon_core.package_identification[0m [1;30mLevel 1[0m _identify(src) by extension 'cmake'
[0.793s] [34mcolcon.colcon_core.package_identification[0m [1;30mLevel 1[0m _identify(src) by extension 'python'
[0.793s] [34mcolcon.colcon_core.package_identification[0m [1;30mLevel 1[0m _identify(src) by extensions ['python_setup_py']
[0.793s] [34mcolcon.colcon_core.package_identification[0m [1;30mLevel 1[0m _identify(src) by extension 'python_setup_py'
[0.793s] [34mcolcon.colcon_core.package_identification[0m [1;30mLevel 1[0m _identify(src/queue_system) by extensions ['ignore', 'ignore_ament_install']
[0.793s] [34mcolcon.colcon_core.package_identification[0m [1;30mLevel 1[0m _identify(src/queue_system) by extension 'ignore'
[0.793s] [34mcolcon.colcon_core.package_identification[0m [1;30mLevel 1[0m _identify(src/queue_system) by extension 'ignore_ament_install'
[0.793s] [34mcolcon.colcon_core.package_identification[0m [1;30mLevel 1[0m _identify(src/queue_system) by extensions ['colcon_pkg']
[0.793s] [34mcolcon.colcon_core.package_identification[0m [1;30mLevel 1[0m _identify(src/queue_system) by extension 'colcon_pkg'
[0.793s] [34mcolcon.colcon_core.package_identification[0m [1;30mLevel 1[0m _identify(src/queue_system) by extensions ['colcon_meta']
[0.793s] [34mcolcon.colcon_core.package_identification[0m [1;30mLevel 1[0m _identify(src/queue_system) by extension 'colcon_meta'
[0.793s] [34mcolcon.colcon_core.package_identification[0m [1;30mLevel 1[0m _identify(src/queue_system) by extensions ['ros']
[0.793s] [34mcolcon.colcon_core.package_identification[0m [1;30mLevel 1[0m _identify(src/queue_system) by extension 'ros'
[0.795s] [34mcolcon.colcon_core.package_identification[0m [1;30mDEBUG[0m [32mPackage 'src/queue_system' with type 'ros.ament_cmake' and name 'queue_system'[0m
[0.795s] [34mcolcon.colcon_core.package_discovery[0m [1;30mLevel 1[0m discover_packages(recursive) using defaults
[0.796s] [34mcolcon.colcon_core.package_discovery[0m [1;30mLevel 1[0m discover_packages(ignore) discover
[0.796s] [34mcolcon.colcon_core.package_discovery[0m [1;30mLevel 1[0m discover_packages(ignore) using defaults
[0.796s] [34mcolcon.colcon_core.package_discovery[0m [1;30mLevel 1[0m discover_packages(path) discover
[0.796s] [34mcolcon.colcon_core.package_discovery[0m [1;30mLevel 1[0m discover_packages(path) using defaults
[0.850s] [34mcolcon.colcon_core.verb[0m [1;30mLevel 5[0m set package 'queue_system' build argument 'cmake_args' from command line to 'None'
[0.850s] [34mcolcon.colcon_core.verb[0m [1;30mLevel 5[0m set package 'queue_system' build argument 'cmake_target' from command line to 'None'
[0.850s] [34mcolcon.colcon_core.verb[0m [1;30mLevel 5[0m set package 'queue_system' build argument 'cmake_target_skip_unavailable' from command line to 'False'
[0.850s] [34mcolcon.colcon_core.verb[0m [1;30mLevel 5[0m set package 'queue_system' build argument 'cmake_clean_cache' from command line to 'False'
[0.850s] [34mcolcon.colcon_core.verb[0m [1;30mLevel 5[0m set package 'queue_system' build argument 'cmake_clean_first' from command line to 'False'
[0.850s] [34mcolcon.colcon_core.verb[0m [1;30mLevel 5[0m set package 'queue_system' build argument 'cmake_force_configure' from command line to 'False'
[0.850s] [34mcolcon.colcon_core.verb[0m [1;30mLevel 5[0m set package 'queue_system' build argument 'ament_cmake_args' from command line to 'None'
[0.850s] [34mcolcon.colcon_core.verb[0m [1;30mLevel 5[0m set package 'queue_system' build argument 'catkin_cmake_args' from command line to 'None'
[0.850s] [34mcolcon.colcon_core.verb[0m [1;30mLevel 5[0m set package 'queue_system' build argument 'catkin_skip_building_tests' from command line to 'False'
[0.850s] [34mcolcon.colcon_core.verb[0m [1;30mDEBUG[0m [32mBuilding package 'queue_system' with the following arguments: {'ament_cmake_args': None, 'build_base': '/home/matheus/repos/queue_system_ros2/build/queue_system', 'catkin_cmake_args': None, 'catkin_skip_building_tests': False, 'cmake_args': None, 'cmake_clean_cache': False, 'cmake_clean_first': False, 'cmake_force_configure': False, 'cmake_target': None, 'cmake_target_skip_unavailable': False, 'install_base': '/home/matheus/repos/queue_system_ros2/install/queue_system', 'merge_install': False, 'path': '/home/matheus/repos/queue_system_ros2/src/queue_system', 'symlink_install': False, 'test_result_base': None}[0m
[0.861s] [34mcolcon.colcon_core.executor[0m [1;30mINFO[0m Executing jobs using 'parallel' executor
[0.873s] [34mcolcon.colcon_parallel_executor.executor.parallel[0m [1;30mDEBUG[0m [32mrun_until_complete[0m
[0.873s] [34mcolcon.colcon_ros.task.ament_cmake.build[0m [1;30mINFO[0m Building ROS package in '/home/matheus/repos/queue_system_ros2/src/queue_system' with build type 'ament_cmake'
[0.873s] [34mcolcon.colcon_cmake.task.cmake.build[0m [1;30mINFO[0m Building CMake package in '/home/matheus/repos/queue_system_ros2/src/queue_system'
[0.885s] [34mcolcon.colcon_core.plugin_system[0m [1;30mINFO[0m Skipping extension 'colcon_core.shell.bat': Not used on non-Windows systems
[0.885s] [34mcolcon.colcon_core.shell[0m [1;30mINFO[0m Skip shell extension 'powershell' for command environment: Not usable outside of PowerShell
[0.885s] [34mcolcon.colcon_core.shell[0m [1;30mDEBUG[0m [32mSkip shell extension 'dsv' for command environment[0m
[0.914s] [34mcolcon.colcon_core.event_handler.log_command[0m [1;30mDEBUG[0m [32mInvoking command in '/home/matheus/repos/queue_system_ros2/build/queue_system': CMAKE_PREFIX_PATH=/opt/ros/humble /usr/bin/cmake /home/matheus/repos/queue_system_ros2/src/queue_system -DCMAKE_INSTALL_PREFIX=/home/matheus/repos/queue_system_ros2/install/queue_system[0m
[3.117s] [34mcolcon.colcon_core.event_handler.log_command[0m [1;30mDEBUG[0m [32mInvoked command in '/home/matheus/repos/queue_system_ros2/build/queue_system' returned '1': CMAKE_PREFIX_PATH=/opt/ros/humble /usr/bin/cmake /home/matheus/repos/queue_system_ros2/src/queue_system -DCMAKE_INSTALL_PREFIX=/home/matheus/repos/queue_system_ros2/install/queue_system[0m
[3.129s] [34mcolcon.colcon_core.environment[0m [1;30mLevel 1[0m create_environment_scripts_only(queue_system)
[3.143s] [34mcolcon.colcon_core.environment[0m [1;30mLevel 1[0m checking '/home/matheus/repos/queue_system_ros2/install/queue_system' for CMake module files
[3.144s] [34mcolcon.colcon_core.environment[0m [1;30mLevel 1[0m checking '/home/matheus/repos/queue_system_ros2/install/queue_system' for CMake config files
[3.144s] [34mcolcon.colcon_core.environment[0m [1;30mLevel 1[0m checking '/home/matheus/repos/queue_system_ros2/install/queue_system/bin'
[3.144s] [34mcolcon.colcon_core.environment[0m [1;30mLevel 1[0m checking '/home/matheus/repos/queue_system_ros2/install/queue_system/lib/pkgconfig/queue_system.pc'
[3.145s] [34mcolcon.colcon_core.environment[0m [1;30mLevel 1[0m checking '/home/matheus/repos/queue_system_ros2/install/queue_system/lib/python3.10/site-packages'
[3.145s] [34mcolcon.colcon_core.environment[0m [1;30mLevel 1[0m checking '/home/matheus/repos/queue_system_ros2/install/queue_system/bin'
[3.156s] [34mcolcon.colcon_core.shell[0m [1;30mINFO[0m Creating package script '/home/matheus/repos/queue_system_ros2/install/queue_system/share/queue_system/package.ps1'
[3.157s] [34mcolcon.colcon_core.shell[0m [1;30mINFO[0m Creating package descriptor '/home/matheus/repos/queue_system_ros2/install/queue_system/share/queue_system/package.dsv'
[3.157s] [34mcolcon.colcon_core.shell[0m [1;30mINFO[0m Creating package script '/home/matheus/repos/queue_system_ros2/install/queue_system/share/queue_system/package.sh'
[3.158s] [34mcolcon.colcon_core.shell[0m [1;30mINFO[0m Creating package script '/home/matheus/repos/queue_system_ros2/install/queue_system/share/queue_system/package.bash'
[3.158s] [34mcolcon.colcon_core.shell[0m [1;30mINFO[0m Creating package script '/home/matheus/repos/queue_system_ros2/install/queue_system/share/queue_system/package.zsh'
[3.159s] [34mcolcon.colcon_core.environment[0m [1;30mLevel 1[0m create_file_with_runtime_dependencies(/home/matheus/repos/queue_system_ros2/install/queue_system/share/colcon-core/packages/queue_system)
[3.169s] [34mcolcon.colcon_parallel_executor.executor.parallel[0m [1;30mDEBUG[0m [32mclosing loop[0m
[3.169s] [34mcolcon.colcon_parallel_executor.executor.parallel[0m [1;30mDEBUG[0m [32mloop closed[0m
[3.169s] [34mcolcon.colcon_parallel_executor.executor.parallel[0m [1;30mDEBUG[0m [32mrun_until_complete finished with '1'[0m
[3.169s] [34mcolcon.colcon_core.event_reactor[0m [1;30mDEBUG[0m [32mjoining thread[0m
[3.193s] [34mcolcon.colcon_core.plugin_system[0m [1;30mINFO[0m Skipping extension 'colcon_notification.desktop_notification.terminal_notifier': Not used on non-Darwin systems
[3.193s] [34mcolcon.colcon_core.plugin_system[0m [1;30mINFO[0m Skipping extension 'colcon_notification.desktop_notification.win32': Not used on non-Windows systems
[3.193s] [34mcolcon.colcon_notification.desktop_notification[0m [1;30mINFO[0m Sending desktop notification using 'notify2'
[3.207s] [34mcolcon.colcon_core.event_reactor[0m [1;30mDEBUG[0m [32mjoined thread[0m
[3.223s] [34mcolcon.colcon_core.shell[0m [1;30mINFO[0m Creating prefix script '/home/matheus/repos/queue_system_ros2/install/local_setup.ps1'
[3.224s] [34mcolcon.colcon_core.shell[0m [1;30mINFO[0m Creating prefix util module '/home/matheus/repos/queue_system_ros2/install/_local_setup_util_ps1.py'
[3.225s] [34mcolcon.colcon_core.shell[0m [1;30mINFO[0m Creating prefix chain script '/home/matheus/repos/queue_system_ros2/install/setup.ps1'
[3.241s] [34mcolcon.colcon_core.shell[0m [1;30mINFO[0m Creating prefix script '/home/matheus/repos/queue_system_ros2/install/local_setup.sh'
[3.241s] [34mcolcon.colcon_core.shell[0m [1;30mINFO[0m Creating prefix util module '/home/matheus/repos/queue_system_ros2/install/_local_setup_util_sh.py'
[3.242s] [34mcolcon.colcon_core.shell[0m [1;30mINFO[0m Creating prefix chain script '/home/matheus/repos/queue_system_ros2/install/setup.sh'
[3.253s] [34mcolcon.colcon_core.shell[0m [1;30mINFO[0m Creating prefix script '/home/matheus/repos/queue_system_ros2/install/local_setup.bash'
[3.253s] [34mcolcon.colcon_core.shell[0m [1;30mINFO[0m Creating prefix chain script '/home/matheus/repos/queue_system_ros2/install/setup.bash'
[3.273s] [34mcolcon.colcon_core.shell[0m [1;30mINFO[0m Creating prefix script '/home/matheus/repos/queue_system_ros2/install/local_setup.zsh'
[3.273s] [34mcolcon.colcon_core.shell[0m [1;30mINFO[0m Creating prefix chain script '/home/matheus/repos/queue_system_ros2/install/setup.zsh'
