[0.041s] Invoking command in '/home/matheus/repos/queue_system_ros2/build/queue_system': CMAKE_PREFIX_PATH=/opt/ros/humble /usr/bin/cmake /home/matheus/repos/queue_system_ros2/src/queue_system -DCMAKE_INSTALL_PREFIX=/home/matheus/repos/queue_system_ros2/install/queue_system
[0.157s] -- The C compiler identification is GNU 11.4.0
[0.237s] -- The CXX compiler identification is GNU 11.4.0
[0.245s] -- Detecting C compiler ABI info
[0.306s] -- Detecting C compiler ABI info - done
[0.310s] -- Check for working C compiler: /usr/bin/cc - skipped
[0.311s] -- Detecting C compile features
[0.311s] -- Detecting C compile features - done
[0.314s] -- Detecting CXX compiler ABI info
[0.377s] -- Detecting CXX compiler ABI info - done
[0.382s] -- Check for working CXX compiler: /usr/bin/c++ - skipped
[0.382s] -- Detecting CXX compile features
[0.383s] -- Detecting CXX compile features - done
[0.388s] -- Found ament_cmake: 1.3.8 (/opt/ros/humble/share/ament_cmake/cmake)
[0.495s] -- Found Python3: /usr/bin/python3 (found version "3.10.12") found components: Interpreter 
[0.563s] -- Found rclcpp: 16.0.8 (/opt/ros/humble/share/rclcpp/cmake)
[0.603s] -- Found rosidl_generator_c: 3.1.5 (/opt/ros/humble/share/rosidl_generator_c/cmake)
[0.608s] -- Found rosidl_adapter: 3.1.5 (/opt/ros/humble/share/rosidl_adapter/cmake)
[0.616s] -- Found rosidl_generator_cpp: 3.1.5 (/opt/ros/humble/share/rosidl_generator_cpp/cmake)
[0.628s] -- Using all available rosidl_typesupport_c: rosidl_typesupport_fastrtps_c;rosidl_typesupport_introspection_c
[0.646s] -- Using all available rosidl_typesupport_cpp: rosidl_typesupport_fastrtps_cpp;rosidl_typesupport_introspection_cpp
[0.705s] -- Found rmw_implementation_cmake: 6.1.1 (/opt/ros/humble/share/rmw_implementation_cmake/cmake)
[0.707s] -- Found rmw_fastrtps_cpp: 6.2.6 (/opt/ros/humble/share/rmw_fastrtps_cpp/cmake)
[0.799s] -- Found OpenSSL: /usr/lib/x86_64-linux-gnu/libcrypto.so (found version "3.0.2")  
[0.822s] -- Found FastRTPS: /opt/ros/humble/include  
[0.861s] -- Using RMW implementation 'rmw_fastrtps_cpp' as default
[0.871s] -- Looking for pthread.h
[0.936s] -- Looking for pthread.h - found
[0.936s] -- Performing Test CMAKE_HAVE_LIBC_PTHREAD
[0.994s] -- Performing Test CMAKE_HAVE_LIBC_PTHREAD - Success
[0.995s] -- Found Threads: TRUE  
[1.114s] -- Found gazebo_ros: 3.7.0 (/opt/ros/humble/share/gazebo_ros/cmake)
[1.126s] -- Found PkgConfig: /usr/bin/pkg-config (found version "0.29.2") 
[1.127s] -- Checking for module 'bullet>=2.82'
[1.138s] --   Found bullet, version 3.05
[1.239s] -- Found fcl: /usr/include (found suitable version "0.7.0", minimum required is "0.5.0") 
[1.284s] -- Found assimp: /usr/include (found version "5.2.0") 
[1.309s] -- Found DART: /usr/include (Required is at least version "6.6") found components: dart 
[1.333s] -- Found Boost: /usr/lib/x86_64-linux-gnu/cmake/Boost-1.74.0/BoostConfig.cmake (found suitable version "1.74.0", minimum required is "1.40.0") found components: thread system filesystem program_options regex iostreams date_time 
[1.349s] -- Found Protobuf: /usr/lib/x86_64-linux-gnu/libprotobuf.so (found version "3.12.4") 
[1.354s] -- Looking for ignition-math6 -- found version 6.15.1
[1.362s] -- Searching for dependencies of ignition-math6
[1.364s] -- Looking for OGRE...
[1.364s] -- OGRE_PREFIX_WATCH changed.
[1.368s] -- Checking for module 'OGRE'
[1.380s] --   Found OGRE, version 1.9.0
[1.410s] -- Found Ogre Ghadamon (1.9.0)
[1.415s] -- Found OGRE: optimized;/usr/lib/x86_64-linux-gnu/libOgreMain.so;debug;/usr/lib/x86_64-linux-gnu/libOgreMain.so
[1.422s] -- Looking for OGRE_Paging...
[1.426s] -- Found OGRE_Paging: optimized;/usr/lib/x86_64-linux-gnu/libOgrePaging.so;debug;/usr/lib/x86_64-linux-gnu/libOgrePaging.so
[1.426s] -- Looking for OGRE_Terrain...
[1.430s] -- Found OGRE_Terrain: optimized;/usr/lib/x86_64-linux-gnu/libOgreTerrain.so;debug;/usr/lib/x86_64-linux-gnu/libOgreTerrain.so
[1.430s] -- Looking for OGRE_Property...
[1.433s] -- Found OGRE_Property: optimized;/usr/lib/x86_64-linux-gnu/libOgreProperty.so;debug;/usr/lib/x86_64-linux-gnu/libOgreProperty.so
[1.434s] -- Looking for OGRE_RTShaderSystem...
[1.437s] -- Found OGRE_RTShaderSystem: optimized;/usr/lib/x86_64-linux-gnu/libOgreRTShaderSystem.so;debug;/usr/lib/x86_64-linux-gnu/libOgreRTShaderSystem.so
[1.437s] -- Looking for OGRE_Volume...
[1.441s] -- Found OGRE_Volume: optimized;/usr/lib/x86_64-linux-gnu/libOgreVolume.so;debug;/usr/lib/x86_64-linux-gnu/libOgreVolume.so
[1.441s] -- Looking for OGRE_Overlay...
[1.444s] -- Found OGRE_Overlay: optimized;/usr/lib/x86_64-linux-gnu/libOgreOverlay.so;debug;/usr/lib/x86_64-linux-gnu/libOgreOverlay.so
[1.519s] -- Looking for ignition-math6 -- found version 6.15.1
[1.521s] -- Looking for ignition-transport8 -- found version 8.2.1
[1.521s] -- Searching for dependencies of ignition-transport8
[1.537s] -- Found Protobuf: /usr/lib/x86_64-linux-gnu/libprotobuf.so (found suitable version "3.12.4", minimum required is "3") 
[1.548s] -- Config-file not installed for ZeroMQ -- checking for pkg-config
[1.552s] -- Checking for module 'libzmq >= 4'
[1.565s] --   Found libzmq , version 4.3.4
[1.599s] -- Found ZeroMQ: TRUE (Required is at least version "4") 
[1.604s] -- Checking for module 'uuid'
[1.615s] --   Found uuid, version 2.37.2
[1.646s] -- Found UUID: TRUE  
[1.648s] -- Looking for ignition-msgs5 -- found version 5.8.1
[1.648s] -- Searching for dependencies of ignition-msgs5
[1.665s] -- Looking for ignition-math6 -- found version 6.15.1
[1.669s] -- Checking for module 'tinyxml2'
[1.680s] --   Found tinyxml2, version 9.0.0
[1.711s] -- Looking for ignition-msgs5 -- found version 5.8.1
[1.713s] -- Looking for ignition-common3 -- found version 3.14.0
[1.713s] -- Searching for dependencies of ignition-common3
[1.714s] -- Looking for dlfcn.h - found
[1.714s] -- Looking for libdl - found
[1.715s] -- Found DL: TRUE  
[1.724s] -- Found tinyobjloader: /usr/lib/x86_64-linux-gnu/cmake/tinyobjloader/tinyobjloader-config.cmake (found version "2.0.0") 
[1.724s] -- Searching for <ignition-common3> component [graphics]
[1.726s] -- Looking for ignition-common3-graphics -- found version 3.14.0
[1.727s] -- Searching for dependencies of ignition-common3-graphics
[1.727s] -- Looking for ignition-math6 -- found version 6.15.1
[1.730s] -- Looking for ignition-fuel_tools4 -- found version 4.4.0
[1.730s] -- Searching for dependencies of ignition-fuel_tools4
[1.798s] -- Found CURL: /usr/lib/x86_64-linux-gnu/libcurl.so (found version "7.81.0")  
[1.806s] -- Checking for module 'jsoncpp'
[1.817s] --   Found jsoncpp, version 1.9.5
[1.848s] -- Found JSONCPP: TRUE  
[1.852s] -- Checking for module 'libzip'
[1.863s] --   Found libzip, version 1.7.3
[1.894s] -- Found ZIP: TRUE  
[1.894s] -- Looking for ignition-common3 -- found version 3.14.0
[1.894s] -- Looking for ignition-math6 -- found version 6.15.1
[1.894s] -- Looking for ignition-msgs5 -- found version 5.8.1
[1.898s] -- Gazebo version: 11.10
[1.898s] -- Checking for module 'tbb'
[1.910s] --   Found tbb, version 2021.5.0
[1.943s] -- Found geometry_msgs: 4.2.3 (/opt/ros/humble/share/geometry_msgs/cmake)
[1.978s] -- Found sensor_msgs: 4.2.3 (/opt/ros/humble/share/sensor_msgs/cmake)
[2.039s] -- Found cv_bridge: 3.2.1 (/opt/ros/humble/share/cv_bridge/cmake)
[2.054s] -- Found OpenCV: /usr (found version "4.5.4") 
[2.058s] -- Checking for module 'gstreamer-1.0'
[2.073s] --   Found gstreamer-1.0, version 1.20.3
[2.108s] -- Checking for module 'gstreamer-app-1.0'
[2.121s] --   Found gstreamer-app-1.0, version 1.20.1
[2.158s] -- Found ament_lint_auto: 0.12.10 (/opt/ros/humble/share/ament_lint_auto/cmake)
[2.227s] -- Added test 'lint_cmake' to check CMake code style
[2.228s] -- Added test 'xmllint' to check XML markup files
[2.229s] -- Configuring done
[2.232s] [31mCMake Error at CMakeLists.txt:27 (add_executable):
[2.233s]   Cannot find source file:
[2.233s] 
[2.233s]     src/main.cpp
[2.233s] 
[2.233s]   Tried extensions .c .C .c++ .cc .cpp .cxx .cu .mpp .m .M .mm .ixx .cppm .h
[2.233s]   .hh .h++ .hm .hpp .hxx .in .txx .f .F .for .f77 .f90 .f95 .f03 .hip .ispc
[2.233s] 
[2.233s] [0m
[2.234s] [31mCMake Error at CMakeLists.txt:27 (add_executable):
[2.234s]   No SOURCES given to target: queue_system_exe
[2.234s] 
[2.235s] [0m
[2.235s] [0mCMake Generate step failed.  Build files cannot be regenerated correctly.[0m
[2.244s] Invoked command in '/home/matheus/repos/queue_system_ros2/build/queue_system' returned '1': CMAKE_PREFIX_PATH=/opt/ros/humble /usr/bin/cmake /home/matheus/repos/queue_system_ros2/src/queue_system -DCMAKE_INSTALL_PREFIX=/home/matheus/repos/queue_system_ros2/install/queue_system
