[35m[1mConsolidate compiler generated dependencies of target queue_system_exe[0m
[ 50%] [32mBuilding CXX object CMakeFiles/queue_system_exe.dir/src/main.cpp.o[0m
[100%] [32m[1mLinking CXX executable queue_system_exe[0m
[100%] Built target queue_system_exe
-- Install configuration: ""
-- Installing: /home/matheus/repos/queue_system_ros2/install/queue_system/share/ament_index/resource_index/package_run_dependencies/queue_system
-- Installing: /home/matheus/repos/queue_system_ros2/install/queue_system/share/ament_index/resource_index/parent_prefix_path/queue_system
-- Installing: /home/matheus/repos/queue_system_ros2/install/queue_system/share/queue_system/environment/ament_prefix_path.sh
-- Installing: /home/matheus/repos/queue_system_ros2/install/queue_system/share/queue_system/environment/ament_prefix_path.dsv
-- Installing: /home/matheus/repos/queue_system_ros2/install/queue_system/share/queue_system/environment/path.sh
-- Installing: /home/matheus/repos/queue_system_ros2/install/queue_system/share/queue_system/environment/path.dsv
-- Installing: /home/matheus/repos/queue_system_ros2/install/queue_system/share/queue_system/local_setup.bash
-- Installing: /home/matheus/repos/queue_system_ros2/install/queue_system/share/queue_system/local_setup.sh
-- Installing: /home/matheus/repos/queue_system_ros2/install/queue_system/share/queue_system/local_setup.zsh
-- Installing: /home/matheus/repos/queue_system_ros2/install/queue_system/share/queue_system/local_setup.dsv
-- Installing: /home/matheus/repos/queue_system_ros2/install/queue_system/share/queue_system/package.dsv
-- Installing: /home/matheus/repos/queue_system_ros2/install/queue_system/share/ament_index/resource_index/packages/queue_system
-- Installing: /home/matheus/repos/queue_system_ros2/install/queue_system/share/queue_system/cmake/queue_systemConfig.cmake
-- Installing: /home/matheus/repos/queue_system_ros2/install/queue_system/share/queue_system/cmake/queue_systemConfig-version.cmake
-- Installing: /home/matheus/repos/queue_system_ros2/install/queue_system/share/queue_system/package.xml
